<?xml version="1.0" encoding="UTF-8"?>
<!-- Generated by org.testng.reporters.JUnitReportReporter -->
<testsuite hostname="DPS-Chandana" name="scripts.GoogleTest" tests="2" failures="0" timestamp="16 Aug 2018 09:33:29 GMT" time="1.303" errors="0">
  <testcase name="search" time="1.227" classname="scripts.GoogleTest"/>
  <testcase name="page" time="0.076" classname="scripts.GoogleTest"/>
</testsuite> <!-- scripts.GoogleTest -->
