<?xml version="1.0" encoding="UTF-8"?>
<!-- Generated by org.testng.reporters.JUnitReportReporter -->
<testsuite hostname="DPS-Chandana" name="scripts.SptTest" tests="1" failures="0" timestamp="16 Aug 2018 09:40:40 GMT" time="15.747" errors="0">
  <testcase name="sptLogin" time="15.747" classname="scripts.SptTest"/>
</testsuite> <!-- scripts.SptTest -->
