<?xml version="1.0" encoding="UTF-8"?>
<!-- Generated by org.testng.reporters.JUnitReportReporter -->
<testsuite hostname="DPS-Chandana" name="scripts.SptTest" tests="1" failures="0" timestamp="17 Aug 2018 05:40:33 GMT" time="11.716" errors="0">
  <testcase name="sptLogin" time="11.716" classname="scripts.SptTest"/>
</testsuite> <!-- scripts.SptTest -->
