<?xml version="1.0" encoding="UTF-8"?>
<!-- Generated by org.testng.reporters.JUnitReportReporter -->
<testsuite hostname="DPS-Chandana" name="scripts.SptTest" tests="1" failures="0" timestamp="17 Aug 2018 10:24:19 GMT" time="13.473" errors="0">
  <testcase name="sptLogin" time="13.473" classname="scripts.SptTest"/>
</testsuite> <!-- scripts.SptTest -->
